<?xml version="1.0" encoding="UTF-8"?>
<testsuite xmlns:xsi="http://www.w3.org/2001/XMLSchema-instance" xsi:noNamespaceSchemaLocation="https://maven.apache.org/surefire/maven-surefire-plugin/xsd/surefire-test-report.xsd" version="3.0.2" name="TestSuite" time="0.235" tests="3" errors="0" skipped="0" failures="0">
  <properties>
[...]
</properties>
  <testcase name="ApiLogin" classname="test.basics3" time="0.002">
    <system-out><![CDATA[firsr in before suite
before method
hello
loanportal.com
apilogincar
]]></system-out>
    <system-err><![CDATA[SLF4J(W): No SLF4J providers were found.
SLF4J(W): Defaulting to no-operation (NOP) logger implementation
SLF4J(W): See https://www.slf4j.org/codes.html#noProviders for further details.
]]></system-err>
  </testcase>
  <testcase name="WebLogin[loanportal.com](1)" classname="test.basics3" time="0.001">
    <system-out><![CDATA[after method
before method
weblogincar
loanportal.com
]]></system-out>
  </testcase>
  <testcase name="demo[loanportal.com](1)" classname="test.basics" time="0.004"/>
</testsuite>