<?xml version="1.0" encoding="UTF-8"?>
<!-- Generated by org.testng.reporters.JUnitXMLReporter -->
<testsuite ignored="4" hostname="Anastasias-MacBook-Air-2.local" failures="0" tests="2" name="Car Loan" time="0.012" errors="0" timestamp="2026-06-14T21:29:13 MDT">
  <testcase classname="test.basics3" name="ApiLogin" time="0.001"/>
  <testcase classname="test.basics3" name="WebLogin" time="0.0"/>
  <testcase classname="test.basics3" name="MobileLogin3" time="0.0">
    <ignored/>
  </testcase> <!-- MobileLogin3 -->
  <testcase classname="test.basics3" name="MobileLogin" time="0.0">
    <ignored/>
  </testcase> <!-- MobileLogin -->
  <testcase classname="test.basics3" name="MobileLogin2" time="0.0">
    <ignored/>
  </testcase> <!-- MobileLogin2 -->
  <testcase classname="test.basics3" name="MobileLogin1" time="0.0">
    <ignored/>
  </testcase> <!-- MobileLogin1 -->
</testsuite> <!-- Car Loan -->
