<?xml version="1.0" encoding="UTF-8"?>
<!-- Generated by org.testng.reporters.JUnitXMLReporter -->
<testsuite ignored="2" hostname="Anastasias-MacBook-Air-2.local" failures="0" tests="1" name="Personal Loan" time="0.009" errors="0" timestamp="2026-06-14T21:29:13 MDT">
  <testcase classname="test.basics" name="demo" time="0.001"/>
  <testcase classname="test.basics" name="thirdtest" time="0.0">
    <ignored/>
  </testcase> <!-- thirdtest -->
  <testcase classname="test.basics" name="secondTC" time="0.0">
    <ignored/>
  </testcase> <!-- secondTC -->
</testsuite> <!-- Personal Loan -->
